<!DOCTYPE html>
<html xmlns="http://www.w3.org/1999/xhtml">
<head>
<meta http-equiv="Content-Type" content="text/html; charset=UTF-8" />
	<title>Cucumber-JVM Html Reports - Feature: github login </title>
	<link rel="stylesheet" href="blue/css/style.css" type="text/css" media="screen" />
	<link rel="stylesheet" href="blue/css/skin/style.css" type="text/css" media="screen" />
	<link rel="stylesheet" href="blue/css/960.css" type="text/css" media="screen" />
	<link rel="stylesheet" href="blue/css/reset.css" type="text/css" media="screen" />
	<link rel="stylesheet" href="blue/css/text.css" type="text/css" media="screen" />
	<link rel="shortcut icon" href="blue/favicon.ico" />
	<script src="http://ajax.googleapis.com/ajax/libs/jquery/1.11.2/jquery.min.js"></script>
	<link rel="stylesheet" href="https://cdnjs.cloudflare.com/ajax/libs/lightbox2/2.7.1/css/lightbox.css">
	<script src="https://cdnjs.cloudflare.com/ajax/libs/lightbox2/2.7.1/js/lightbox.min.js"></script>
    
<style>

.feature-keyword {
	font-weight: bold;
}

.feature-description {
	padding-left: 15px;
	font-style: italic;
	background-color: beige;
}

.feature-role {
	font-weight: bold;
}

.feature-action {
	font-weight: bold;
}

.feature-value {
	font-weight: bold;
}

.feature-tags {
	padding-top: 10px;
	padding-left: 15px;
	color: darkblue;
}

.scenario-keyword {
	font-weight: bold;
	padding-left: 15px;
}

.scenario-scenario_name {
	padding-left: 15px;
}

.step-keyword {
	font-weight: bold;
	padding-left: 50px;
}

.step-error-message {
	background-color: #FFEEEE;
	padding-left: 50px;
	border: 1px solid #D88A8A;
}

.step-duration {
	float: right;
	padding-right: 15px;
}

.passed {
	background-color: #C5D88A;
}

.failed {
	background-color: #D88A8A;
}

.skipped {
	background-color: #88AAFF;
}

.pending {
	background-color: #FBB907;
}

.undefined {
	background-color: #FBB987;
}

.missing {
	background-color: #FBB9D7;
}

table.stats-table {
	color: black;
	width: 100%;
	border-width: 1px;
	border-spacing: 2px;
	border-style: outset;
	border-color: gray;
	border-collapse: collapse;
	background-color: white;
}

table.stats-table th {
	color: black;
	border-width: 1px;
	padding: 5px;
	border-style: inset;
	border-color: gray;
	background-color: #66CCEE;
	-moz-border-radius:;
}

table.stats-table td {
	color: black;
	text-align: center;
	border-width: 1px;
	padding: 5px;
	border-style: inset;
	border-color: gray;
	background-color: white;
	-moz-border-radius:;
}

table.data-table {
	color: black;
	border-width: 1px;
	border-spacing: 2px;
	border-style: outset;
	border-color: #d6d6d6;
	border-collapse: collapse;
	background-color: beige;
}

table.data-table th {
	color: black;
	border-width: 1px;
	padding: 5px;
	border-style: inset;
	border-color: #d6d6d6;
	background-color: #66CCEE;
}

table.data-table td {
	color: black;
	text-align: center;
	border-width: 1px;
	padding: 5px;
	border-style: inset;
	border-color: #d6d6d6;
	background-color: beige;
}

.data {
	padding-left: 50px;
	padding-bottom: 10px;
	padding-top: 10px;
}

.output-data {
	padding-left: 50px;
	background-color: beige;
}

.doc-string {
	width: auto;
	display: inline-block;
	margin: 10px auto 10px 70px;
	padding: 10px;
	background-color: rgba(255, 255, 255, 0.35);
	border-radius: 10px;
	font-family: "Courier New", Courier, monospace;
	font-size: 95%;
}

.graph {
	margin-bottom: 50px;
	margin-top: 30px;
	clear: both;
	font-family: georgia, serif;
	font-size: 14px;
}

.graph-header h3 {
	margin-bottom: 0px;
}

.graph-header {
	text-align: center;
}

.graph-header p {
	margin-top: 0px;
}

.graph .legend td, .graph .legend, .graph .legend tr {
	padding: 0px;
	margin: 0px;
	border-collapse: collapse;
}

.graph .legend {
	margin-left: 10px;
}

.graph .legend td {
	padding-right: 5px;
}

.graph .legend .color-box {
	width: 14px;
	height: 10px;
	overflow: hidden;
}

.graph .label {
	text-align: center;
	padding-top: 5px;
	padding-bottom: 5px;
	display: block;
	position: absolute;
	right: -5px;
	top: 15px;
	-webkit-transform: rotate(45deg);
	-moz-transform: rotate(45deg);
}

</style>
<style>
    .CodeMirror-scroll {
      height: auto;
      overflow-y: hidden;
      overflow-x: auto;
    }
</style>

</head>
<body id="top">
	<div id="fullwidth_header">
		<div class="container_12">
			<h1 class="grid_4 logo"><a href="feature-overview.html" class='ie6fix'>Cucumber</a></h1>
			<div class="grid_6" id="nav">
				<ul>
                    					<li><a href="tag-overview.html">Tag Overview</a></li>
					<li><a href="feature-overview.html">Feature Overview</a></li>
				</ul>
			</div>
		</div>
	</div>
	<div id="fullwidth_gradient">
		<div class="container_12">
			<div class="grid_9 heading">
				<h2 id="feature-title">Feature Result for Build: 1</h2>
			</div>
		</div>
	</div>

	<div class="container_12">
		<div class="grid_12">

            <div>
                <table class="stats-table">
                                            <tr>
    <th></th>
    <th id="stats-header-scenarios" colspan="3">Scenarios</th>
    <th id="stats-header-steps" colspan="7">Steps</th>
    <th></th>
    <th></th>
</tr>
<tr>
    <th id="stats-header-feature">Feature</th>
    <th id="stats-header-scenarios-total">Total</th>
    <th id="stats-header-scenarios-passed">Passed</th>
    <th id="stats-header-scenarios-failed">Failed</th>
    <th id="stats-header-steps-total">Total</th>
    <th id="stats-header-steps-passed"    style="background-color:#00CE00;">Passed</th>
    <th id="stats-header-steps-failed"    style="background-color:#FF0000;">Failed</th>
    <th id="stats-header-steps-skipped"   style="background-color:#88AAFF;">Skipped</th>
    <th id="stats-header-steps-pending"   style="background-color:#FBB907;">Pending</th>
    <th id="stats-header-steps-undefined" style="background-color:#FBB957;">Undefined</th>
    <th id="stats-header-steps-missing"   style="background-color:#FBB9A7;">Missing</th>
    <th id="stats-header-duration">Duration</th>
    <th id="stats-header-status">Status</th>
</tr>
                                        
                    
                    <tr>
                        <td><a id="stats-github login" href="test-java-com-cucumber-features-github_login.feature.html">github login</a></td>
                                                <td id="stats-number-scenarios-github login">3</td>
                        <td id="stats-number-scenarios-passed-github login">1</td>
                        <td id="stats-number-scenarios-failed-github login">2</td>
                        <td id="stats-number-steps-github login">13</td>
                        <td id="stats-number-steps-passed-github login">11</td>
                        <td id="stats-number-steps-failed-github login"      style="background-color:#FF0000;" >2</td>
                        <td id="stats-number-steps-skipped-github login"   >0</td>
                        <td id="stats-number-steps-pending-github login"   >0</td>
                        <td id="stats-number-steps-undefined-github login" >0</td>
                        <td id="stats-number-steps-missing-github login"   >0</td>
                        <td id="stats-duration-github login" style="text-align:right;white-space:nowrap">01m 46s 486ms</td>
                        <td id="stats-status-github login" style="background-color: #FF0000;">failed</td></tr>

                </table>

            </div>

		<div style="color:black;">

            <div class="feature-tags"></div>
            <div class="failed"><div class="feature-line"><span class="feature-keyword">Feature:</span> github login</div></div>
            

                            <div class="feature-tags"></div>
                <div class="passed"><span class="scenario-keyword">Scenario: </span> <span class="scenario-name">login without username and password</span></div>
                                  <div class="passed"><span class="step-keyword">Given  </span><span class="step-name">user is on github homepage</span><span class="step-duration">29s 772ms</span></div>
                    
                                      <div class="output-data"></div>
                                  <div class="passed"><span class="step-keyword">When  </span><span class="step-name">user clicks on Sign in button</span><span class="step-duration">01s 322ms</span></div>
                    
                                      <div class="output-data"></div>
                                  <div class="passed"><span class="step-keyword">Then  </span><span class="step-name">user is displayed login screen</span><span class="step-duration">365ms</span></div>
                    
                                      <div class="output-data"></div>
                                            <div class="feature-tags"></div>
                <div class="failed"><span class="scenario-keyword">Scenario: </span> <span class="scenario-name">login username and password data through selenium webdriver</span></div>
                                  <div class="passed"><span class="step-keyword">Given  </span><span class="step-name">user is on github homepage</span><span class="step-duration">16s 958ms</span></div>
                    
                                      <div class="output-data"></div>
                                  <div class="passed"><span class="step-keyword">When  </span><span class="step-name">user clicks on Sign in button</span><span class="step-duration">01s 459ms</span></div>
                    
                                      <div class="output-data"></div>
                                  <div class="passed"><span class="step-keyword">Then  </span><span class="step-name">user is displayed login screen1</span><span class="step-duration">062ms</span></div>
                    
                                      <div class="output-data"></div>
                                  <div class="passed"><span class="step-keyword">When  </span><span class="step-name">user entered logon credentials</span><span class="step-duration">02s 728ms</span></div>
                    
                                      <div class="output-data"></div>
                                  <div class="failed"><span class="step-keyword">Then  </span><span class="step-name">user is displayed home screen</span><span class="step-duration">15s 045ms</span><div class="step-error-message"><pre>org.openqa.selenium.TimeoutException: Expected condition failed: waiting for presence of element located by: By.linkText: Start a project (tried for 15 second(s) with 500 MILLISECONDS interval)
	at org.openqa.selenium.support.ui.WebDriverWait.timeoutException(WebDriverWait.java:82)
	at org.openqa.selenium.support.ui.FluentWait.until(FluentWait.java:231)
	at com.cucumber.selenium.SeleniumFunctions.isloginsucess(SeleniumFunctions.java:90)
	at com.cucumber.StepDefinitions.GithubLoginSD.user_is_displayed_home_screen(GithubLoginSD.java:51)
	at ✽.user is displayed home screen(src/test/java/com/cucumber/features/github_login.feature:13)
Caused by: org.openqa.selenium.NoSuchElementException: Cannot locate an element using By.linkText: Start a project
For documentation on this error, please visit: http://seleniumhq.org/exceptions/no_such_element.html
Build info: version: '3.8.1', revision: '6e95a6684b', time: '2017-12-01T18:33:54.468Z'
System info: host: 'baskaran-Aspire-4736', ip: '127.0.1.1', os.name: 'Linux', os.arch: 'i386', os.version: '3.13.0-37-generic', java.version: '1.8.0_151'
Driver info: driver.version: unknown
	at org.openqa.selenium.support.ui.ExpectedConditions.lambda$findElement$0(ExpectedConditions.java:882)
	at java.util.Optional.orElseThrow(Optional.java:290)
	at org.openqa.selenium.support.ui.ExpectedConditions.findElement(ExpectedConditions.java:881)
	at org.openqa.selenium.support.ui.ExpectedConditions.access$000(ExpectedConditions.java:43)
	at org.openqa.selenium.support.ui.ExpectedConditions$6.apply(ExpectedConditions.java:182)
	at org.openqa.selenium.support.ui.ExpectedConditions$6.apply(ExpectedConditions.java:179)
	at org.openqa.selenium.support.ui.FluentWait.until(FluentWait.java:208)
	at com.cucumber.selenium.SeleniumFunctions.isloginsucess(SeleniumFunctions.java:90)
	at com.cucumber.StepDefinitions.GithubLoginSD.user_is_displayed_home_screen(GithubLoginSD.java:51)
	at sun.reflect.NativeMethodAccessorImpl.invoke0(Native Method)
	at sun.reflect.NativeMethodAccessorImpl.invoke(NativeMethodAccessorImpl.java:62)
	at sun.reflect.DelegatingMethodAccessorImpl.invoke(DelegatingMethodAccessorImpl.java:43)
	at java.lang.reflect.Method.invoke(Method.java:498)
	at cucumber.runtime.Utils$1.call(Utils.java:32)
	at cucumber.runtime.Timeout.timeout(Timeout.java:16)
	at cucumber.runtime.Utils.invoke(Utils.java:26)
	at cucumber.runtime.java.JavaStepDefinition.execute(JavaStepDefinition.java:37)
	at cucumber.runtime.StepDefinitionMatch.runStep(StepDefinitionMatch.java:40)
	at cucumber.api.TestStep.executeStep(TestStep.java:102)
	at cucumber.api.TestStep.run(TestStep.java:83)
	at cucumber.api.TestCase.run(TestCase.java:58)
	at cucumber.runner.Runner.runPickle(Runner.java:80)
	at cucumber.runtime.junit.PickleRunners$NoStepDescriptions.run(PickleRunners.java:140)
	at cucumber.runtime.junit.FeatureRunner.runChild(FeatureRunner.java:68)
	at cucumber.runtime.junit.FeatureRunner.runChild(FeatureRunner.java:23)
	at org.junit.runners.ParentRunner$3.run(ParentRunner.java:290)
	at org.junit.runners.ParentRunner$1.schedule(ParentRunner.java:71)
	at org.junit.runners.ParentRunner.runChildren(ParentRunner.java:288)
	at org.junit.runners.ParentRunner.access$000(ParentRunner.java:58)
	at org.junit.runners.ParentRunner$2.evaluate(ParentRunner.java:268)
	at org.junit.runners.ParentRunner.run(ParentRunner.java:363)
	at cucumber.runtime.junit.FeatureRunner.run(FeatureRunner.java:73)
	at cucumber.api.junit.Cucumber.runChild(Cucumber.java:117)
	at cucumber.api.junit.Cucumber.runChild(Cucumber.java:55)
	at org.junit.runners.ParentRunner$3.run(ParentRunner.java:290)
	at org.junit.runners.ParentRunner$1.schedule(ParentRunner.java:71)
	at org.junit.runners.ParentRunner.runChildren(ParentRunner.java:288)
	at org.junit.runners.ParentRunner.access$000(ParentRunner.java:58)
	at org.junit.runners.ParentRunner$2.evaluate(ParentRunner.java:268)
	at cucumber.api.junit.Cucumber$1.evaluate(Cucumber.java:126)
	at org.junit.runners.ParentRunner.run(ParentRunner.java:363)
	at org.apache.maven.surefire.junit4.JUnit4Provider.execute(JUnit4Provider.java:369)
	at org.apache.maven.surefire.junit4.JUnit4Provider.executeWithRerun(JUnit4Provider.java:275)
	at org.apache.maven.surefire.junit4.JUnit4Provider.executeTestSet(JUnit4Provider.java:239)
	at org.apache.maven.surefire.junit4.JUnit4Provider.invoke(JUnit4Provider.java:160)
	at org.apache.maven.surefire.booter.ForkedBooter.invokeProviderInSameClassLoader(ForkedBooter.java:373)
	at org.apache.maven.surefire.booter.ForkedBooter.runSuitesInProcess(ForkedBooter.java:334)
	at org.apache.maven.surefire.booter.ForkedBooter.execute(ForkedBooter.java:119)
	at org.apache.maven.surefire.booter.ForkedBooter.main(ForkedBooter.java:407)
</pre></div></div>
                    
                                      <div class="output-data"></div>
                                            <div class="feature-tags"></div>
                <div class="failed"><span class="scenario-keyword">Scenario: </span> <span class="scenario-name">login username and password data through excel</span></div>
                                  <div class="passed"><span class="step-keyword">Given  </span><span class="step-name">user is on github homepage</span><span class="step-duration">18s 249ms</span></div>
                    
                                      <div class="output-data"></div>
                                  <div class="passed"><span class="step-keyword">When  </span><span class="step-name">user clicks on Sign in button</span><span class="step-duration">01s 377ms</span></div>
                    
                                      <div class="output-data"></div>
                                  <div class="passed"><span class="step-keyword">Then  </span><span class="step-name">user is displayed login screen1</span><span class="step-duration">045ms</span></div>
                    
                                      <div class="output-data"></div>
                                  <div class="passed"><span class="step-keyword">When  </span><span class="step-name">user entered logon credentials using excel</span><span class="step-duration">04s 055ms</span></div>
                    
                                      <div class="output-data"></div>
                                  <div class="failed"><span class="step-keyword">Then  </span><span class="step-name">user is displayed home screen</span><span class="step-duration">15s 042ms</span><div class="step-error-message"><pre>org.openqa.selenium.TimeoutException: Expected condition failed: waiting for presence of element located by: By.linkText: Start a project (tried for 15 second(s) with 500 MILLISECONDS interval)
	at org.openqa.selenium.support.ui.WebDriverWait.timeoutException(WebDriverWait.java:82)
	at org.openqa.selenium.support.ui.FluentWait.until(FluentWait.java:231)
	at com.cucumber.selenium.SeleniumFunctions.isloginsucess(SeleniumFunctions.java:90)
	at com.cucumber.StepDefinitions.GithubLoginSD.user_is_displayed_home_screen(GithubLoginSD.java:51)
	at ✽.user is displayed home screen(src/test/java/com/cucumber/features/github_login.feature:20)
Caused by: org.openqa.selenium.NoSuchElementException: Cannot locate an element using By.linkText: Start a project
For documentation on this error, please visit: http://seleniumhq.org/exceptions/no_such_element.html
Build info: version: '3.8.1', revision: '6e95a6684b', time: '2017-12-01T18:33:54.468Z'
System info: host: 'baskaran-Aspire-4736', ip: '127.0.1.1', os.name: 'Linux', os.arch: 'i386', os.version: '3.13.0-37-generic', java.version: '1.8.0_151'
Driver info: driver.version: unknown
	at org.openqa.selenium.support.ui.ExpectedConditions.lambda$findElement$0(ExpectedConditions.java:882)
	at java.util.Optional.orElseThrow(Optional.java:290)
	at org.openqa.selenium.support.ui.ExpectedConditions.findElement(ExpectedConditions.java:881)
	at org.openqa.selenium.support.ui.ExpectedConditions.access$000(ExpectedConditions.java:43)
	at org.openqa.selenium.support.ui.ExpectedConditions$6.apply(ExpectedConditions.java:182)
	at org.openqa.selenium.support.ui.ExpectedConditions$6.apply(ExpectedConditions.java:179)
	at org.openqa.selenium.support.ui.FluentWait.until(FluentWait.java:208)
	at com.cucumber.selenium.SeleniumFunctions.isloginsucess(SeleniumFunctions.java:90)
	at com.cucumber.StepDefinitions.GithubLoginSD.user_is_displayed_home_screen(GithubLoginSD.java:51)
	at sun.reflect.NativeMethodAccessorImpl.invoke0(Native Method)
	at sun.reflect.NativeMethodAccessorImpl.invoke(NativeMethodAccessorImpl.java:62)
	at sun.reflect.DelegatingMethodAccessorImpl.invoke(DelegatingMethodAccessorImpl.java:43)
	at java.lang.reflect.Method.invoke(Method.java:498)
	at cucumber.runtime.Utils$1.call(Utils.java:32)
	at cucumber.runtime.Timeout.timeout(Timeout.java:16)
	at cucumber.runtime.Utils.invoke(Utils.java:26)
	at cucumber.runtime.java.JavaStepDefinition.execute(JavaStepDefinition.java:37)
	at cucumber.runtime.StepDefinitionMatch.runStep(StepDefinitionMatch.java:40)
	at cucumber.api.TestStep.executeStep(TestStep.java:102)
	at cucumber.api.TestStep.run(TestStep.java:83)
	at cucumber.api.TestCase.run(TestCase.java:58)
	at cucumber.runner.Runner.runPickle(Runner.java:80)
	at cucumber.runtime.junit.PickleRunners$NoStepDescriptions.run(PickleRunners.java:140)
	at cucumber.runtime.junit.FeatureRunner.runChild(FeatureRunner.java:68)
	at cucumber.runtime.junit.FeatureRunner.runChild(FeatureRunner.java:23)
	at org.junit.runners.ParentRunner$3.run(ParentRunner.java:290)
	at org.junit.runners.ParentRunner$1.schedule(ParentRunner.java:71)
	at org.junit.runners.ParentRunner.runChildren(ParentRunner.java:288)
	at org.junit.runners.ParentRunner.access$000(ParentRunner.java:58)
	at org.junit.runners.ParentRunner$2.evaluate(ParentRunner.java:268)
	at org.junit.runners.ParentRunner.run(ParentRunner.java:363)
	at cucumber.runtime.junit.FeatureRunner.run(FeatureRunner.java:73)
	at cucumber.api.junit.Cucumber.runChild(Cucumber.java:117)
	at cucumber.api.junit.Cucumber.runChild(Cucumber.java:55)
	at org.junit.runners.ParentRunner$3.run(ParentRunner.java:290)
	at org.junit.runners.ParentRunner$1.schedule(ParentRunner.java:71)
	at org.junit.runners.ParentRunner.runChildren(ParentRunner.java:288)
	at org.junit.runners.ParentRunner.access$000(ParentRunner.java:58)
	at org.junit.runners.ParentRunner$2.evaluate(ParentRunner.java:268)
	at cucumber.api.junit.Cucumber$1.evaluate(Cucumber.java:126)
	at org.junit.runners.ParentRunner.run(ParentRunner.java:363)
	at org.apache.maven.surefire.junit4.JUnit4Provider.execute(JUnit4Provider.java:369)
	at org.apache.maven.surefire.junit4.JUnit4Provider.executeWithRerun(JUnit4Provider.java:275)
	at org.apache.maven.surefire.junit4.JUnit4Provider.executeTestSet(JUnit4Provider.java:239)
	at org.apache.maven.surefire.junit4.JUnit4Provider.invoke(JUnit4Provider.java:160)
	at org.apache.maven.surefire.booter.ForkedBooter.invokeProviderInSameClassLoader(ForkedBooter.java:373)
	at org.apache.maven.surefire.booter.ForkedBooter.runSuitesInProcess(ForkedBooter.java:334)
	at org.apache.maven.surefire.booter.ForkedBooter.execute(ForkedBooter.java:119)
	at org.apache.maven.surefire.booter.ForkedBooter.main(ForkedBooter.java:407)
</pre></div></div>
                    
                                      <div class="output-data"></div>
                            
	</div>
	</div>


	<div class="container_12">
		<div class="grid_12 hr"></div>
		<div class="grid_12 footer">
            <p style="text-align:center;"><a href="https://github.com/masterthought/jenkins-cucumber-jvm-reports-plugin-java">Cucumber-JVM Jenkins Report Plugin</a> - version: cucumber-reporting-0.1.0 - 18-12-2017 13:45:53</p>
		</div>
	</div>
	<div class="clear"></div>
</body>
